{"name": "test_register_with_all_field", "status": "failed", "statusDetails": {"message": "AssertionError: assert False\n +  where False = <method-wrapper '__eq__' of str object at 0x000001CBE7921660>('Register Account')\n +    where <method-wrapper '__eq__' of str object at 0x000001CBE7921660> = 'Your Account Has Been Created!'.__eq__\n +    and   'Register Account' = retrived_account_creation_message()\n +      where retrived_account_creation_message = <pages.AccountSucessPage.AccountSucessPage object at 0x000001CBE78C4CD0>.retrived_account_creation_message", "trace": "self = <test.test_register.TestRegister object at 0x000001CBE78C7110>\n\n    def test_register_with_all_field(self):\n        home_page = HomePage(self.driver)\n        home_page.click_on_my_account_drop_menu()\n        register_page =home_page.select_register_option()\n        register_page.enter_first_name(\"L1\")\n        register_page.enter_last_name(\"L1\")\n        register_page.enter_email(\"s26s@gmail.com\")\n        register_page.enter_telephone(\"3546754873\")\n        register_page.enter_password(\"1234\")\n        register_page.enter_confirm_password(\"1234\")\n        register_page.select_radio_button()\n        register_page.select_privacy_policy_button()\n        account_success =register_page.click_on_continue_button()\n        time.sleep(3)\n        expected_text = \"Your Account Has Been Created!\"\n>       assert expected_text.__eq__(account_success.retrived_account_creation_message())\nE       AssertionError: assert False\nE        +  where False = <method-wrapper '__eq__' of str object at 0x000001CBE7921660>('Register Account')\nE        +    where <method-wrapper '__eq__' of str object at 0x000001CBE7921660> = 'Your Account Has Been Created!'.__eq__\nE        +    and   'Register Account' = retrived_account_creation_message()\nE        +      where retrived_account_creation_message = <pages.AccountSucessPage.AccountSucessPage object at 0x000001CBE78C4CD0>.retrived_account_creation_message\n\ntest\\test_register.py:51: AssertionError"}, "attachments": [{"name": "stdout", "source": "9fdeea9e-d7ad-4a9a-9b04-6313fcc5535c-attachment.txt", "type": "text/plain"}], "start": 1733160367673, "stop": 1733160373180, "uuid": "1d2847e2-5745-46ff-bbd0-e60ef18c4a2c", "historyId": "f5b1238d093114223c82686a9e96d866", "testCaseId": "f5b1238d093114223c82686a9e96d866", "fullName": "test.test_register.TestRegister#test_register_with_all_field", "labels": [{"name": "tag", "value": "@pytest.mark.usefixtures('setup_and_teardown', 'log_on_failure')"}, {"name": "parentSuite", "value": "test"}, {"name": "suite", "value": "test_register"}, {"name": "subSuite", "value": "TestRegister"}, {"name": "host", "value": "Agni"}, {"name": "thread", "value": "7036-MainThread"}, {"name": "framework", "value": "pytest"}, {"name": "language", "value": "cpython3"}, {"name": "package", "value": "test.test_register"}]}